  [1m[35m (13.8ms)[0m  [1m[35mCREATE TABLE "schema_migrations" ("version" varchar NOT NULL PRIMARY KEY)[0m
  [1m[35m (12.6ms)[0m  [1m[35mCREATE TABLE "ar_internal_metadata" ("key" varchar NOT NULL PRIMARY KEY, "value" varchar, "created_at" datetime(6) NOT NULL, "updated_at" datetime(6) NOT NULL)[0m
  [1m[36mActiveRecord::SchemaMigration Pluck (0.1ms)[0m  [1m[34mSELECT "schema_migrations"."version" FROM "schema_migrations" ORDER BY "schema_migrations"."version" ASC[0m
Migrating to CreateHeros (20230327054736)
  [1m[36mTRANSACTION (0.1ms)[0m  [1m[36mbegin transaction[0m
  [1m[35m (0.5ms)[0m  [1m[35mCREATE TABLE "heros" ("id" integer PRIMARY KEY AUTOINCREMENT NOT NULL, "name" varchar, "super_name" varchar, "created_at" datetime(6) NOT NULL, "updated_at" datetime(6) NOT NULL)[0m
  [1m[36mActiveRecord::SchemaMigration Create (0.3ms)[0m  [1m[32mINSERT INTO "schema_migrations" ("version") VALUES (?)[0m  [["version", "20230327054736"]]
  [1m[36mTRANSACTION (13.6ms)[0m  [1m[36mcommit transaction[0m
Migrating to CreatePowers (20230327055105)
  [1m[36mTRANSACTION (0.3ms)[0m  [1m[36mbegin transaction[0m
  [1m[35m (0.5ms)[0m  [1m[35mCREATE TABLE "powers" ("id" integer PRIMARY KEY AUTOINCREMENT NOT NULL, "name" varchar, "description" varchar, "created_at" datetime(6) NOT NULL, "updated_at" datetime(6) NOT NULL)[0m
  [1m[36mActiveRecord::SchemaMigration Create (0.3ms)[0m  [1m[32mINSERT INTO "schema_migrations" ("version") VALUES (?)[0m  [["version", "20230327055105"]]
  [1m[36mTRANSACTION (14.7ms)[0m  [1m[36mcommit transaction[0m
Migrating to CreateHeroPowers (20230327055557)
  [1m[36mTRANSACTION (0.1ms)[0m  [1m[36mbegin transaction[0m
  [1m[35m (1.3ms)[0m  [1m[35mCREATE TABLE "hero_powers" ("id" integer PRIMARY KEY AUTOINCREMENT NOT NULL, "strength" varchar, "power_id" integer NOT NULL, "hero_id" integer NOT NULL, "created_at" datetime(6) NOT NULL, "updated_at" datetime(6) NOT NULL, CONSTRAINT "fk_rails_1e7d81986f"
FOREIGN KEY ("power_id")
  REFERENCES "powers" ("id")
, CONSTRAINT "fk_rails_a064e6fddd"
FOREIGN KEY ("hero_id")
  REFERENCES "heros" ("id")
)[0m
  [1m[35m (0.2ms)[0m  [1m[35mCREATE INDEX "index_hero_powers_on_power_id" ON "hero_powers" ("power_id")[0m
  [1m[35m (0.3ms)[0m  [1m[35mCREATE INDEX "index_hero_powers_on_hero_id" ON "hero_powers" ("hero_id")[0m
  [1m[36mActiveRecord::SchemaMigration Create (0.3ms)[0m  [1m[32mINSERT INTO "schema_migrations" ("version") VALUES (?)[0m  [["version", "20230327055557"]]
  [1m[36mTRANSACTION (14.7ms)[0m  [1m[36mcommit transaction[0m
  [1m[36mActiveRecord::InternalMetadata Load (0.3ms)[0m  [1m[34mSELECT "ar_internal_metadata".* FROM "ar_internal_metadata" WHERE "ar_internal_metadata"."key" = ? LIMIT ?[0m  [["key", "environment"], ["LIMIT", 1]]
  [1m[36mTRANSACTION (0.1ms)[0m  [1m[36mbegin transaction[0m
  [1m[36mActiveRecord::InternalMetadata Create (0.3ms)[0m  [1m[32mINSERT INTO "ar_internal_metadata" ("key", "value", "created_at", "updated_at") VALUES (?, ?, ?, ?)[0m  [["key", "environment"], ["value", "development"], ["created_at", "2023-03-27 08:14:54.453064"], ["updated_at", "2023-03-27 08:14:54.453064"]]
  [1m[36mTRANSACTION (17.0ms)[0m  [1m[36mcommit transaction[0m
  [1m[36mActiveRecord::SchemaMigration Pluck (0.3ms)[0m  [1m[34mSELECT "schema_migrations"."version" FROM "schema_migrations" ORDER BY "schema_migrations"."version" ASC[0m
  [1m[36mActiveRecord::SchemaMigration Pluck (0.2ms)[0m  [1m[34mSELECT "schema_migrations"."version" FROM "schema_migrations" ORDER BY "schema_migrations"."version" ASC[0m
  [1m[36mTRANSACTION (0.1ms)[0m  [1m[36mbegin transaction[0m
  [1m[36mHero Create (0.4ms)[0m  [1m[32mINSERT INTO "heros" ("name", "super_name", "created_at", "updated_at") VALUES (?, ?, ?, ?)[0m  [["name", "Clark Kent"], ["super_name", "Superman"], ["created_at", "2023-03-27 08:15:18.551268"], ["updated_at", "2023-03-27 08:15:18.551268"]]
  [1m[36mTRANSACTION (11.4ms)[0m  [1m[36mcommit transaction[0m
  [1m[36mTRANSACTION (0.1ms)[0m  [1m[36mbegin transaction[0m
  [1m[36mHero Create (0.3ms)[0m  [1m[32mINSERT INTO "heros" ("name", "super_name", "created_at", "updated_at") VALUES (?, ?, ?, ?)[0m  [["name", "Diana Prince"], ["super_name", "Wonder Woman"], ["created_at", "2023-03-27 08:15:18.569446"], ["updated_at", "2023-03-27 08:15:18.569446"]]
  [1m[36mTRANSACTION (10.4ms)[0m  [1m[36mcommit transaction[0m
  [1m[36mTRANSACTION (0.1ms)[0m  [1m[36mbegin transaction[0m
  [1m[36mHero Create (0.3ms)[0m  [1m[32mINSERT INTO "heros" ("name", "super_name", "created_at", "updated_at") VALUES (?, ?, ?, ?)[0m  [["name", "Bruce Wayne"], ["super_name", "Batman"], ["created_at", "2023-03-27 08:15:18.586149"], ["updated_at", "2023-03-27 08:15:18.586149"]]
  [1m[36mTRANSACTION (10.5ms)[0m  [1m[36mcommit transaction[0m
  [1m[36mTRANSACTION (0.1ms)[0m  [1m[36mbegin transaction[0m
  [1m[36mHero Create (0.3ms)[0m  [1m[32mINSERT INTO "heros" ("name", "super_name", "created_at", "updated_at") VALUES (?, ?, ?, ?)[0m  [["name", "Barry Allen"], ["super_name", "The Flash"], ["created_at", "2023-03-27 08:15:18.603216"], ["updated_at", "2023-03-27 08:15:18.603216"]]
  [1m[36mTRANSACTION (10.6ms)[0m  [1m[36mcommit transaction[0m
  [1m[36mTRANSACTION (0.1ms)[0m  [1m[36mbegin transaction[0m
  [1m[36mHero Create (0.3ms)[0m  [1m[32mINSERT INTO "heros" ("name", "super_name", "created_at", "updated_at") VALUES (?, ?, ?, ?)[0m  [["name", "Hal Jordan"], ["super_name", "Green Lantern"], ["created_at", "2023-03-27 08:15:18.620385"], ["updated_at", "2023-03-27 08:15:18.620385"]]
  [1m[36mTRANSACTION (11.0ms)[0m  [1m[36mcommit transaction[0m
  [1m[36mTRANSACTION (0.2ms)[0m  [1m[36mbegin transaction[0m
  [1m[36mHero Create (0.8ms)[0m  [1m[32mINSERT INTO "heros" ("name", "super_name", "created_at", "updated_at") VALUES (?, ?, ?, ?)[0m  [["name", "Arthur Curry"], ["super_name", "Aquaman"], ["created_at", "2023-03-27 08:15:18.639950"], ["updated_at", "2023-03-27 08:15:18.639950"]]
  [1m[36mTRANSACTION (11.5ms)[0m  [1m[36mcommit transaction[0m
  [1m[36mTRANSACTION (0.1ms)[0m  [1m[36mbegin transaction[0m
  [1m[36mHero Create (0.4ms)[0m  [1m[32mINSERT INTO "heros" ("name", "super_name", "created_at", "updated_at") VALUES (?, ?, ?, ?)[0m  [["name", "Oliver Queen"], ["super_name", "Green Arrow"], ["created_at", "2023-03-27 08:15:18.663329"], ["updated_at", "2023-03-27 08:15:18.663329"]]
  [1m[36mTRANSACTION (10.1ms)[0m  [1m[36mcommit transaction[0m
  [1m[36mTRANSACTION (0.4ms)[0m  [1m[36mbegin transaction[0m
  [1m[36mHero Create (0.4ms)[0m  [1m[32mINSERT INTO "heros" ("name", "super_name", "created_at", "updated_at") VALUES (?, ?, ?, ?)[0m  [["name", "Kara Danvers"], ["super_name", "Supergirl"], ["created_at", "2023-03-27 08:15:18.680390"], ["updated_at", "2023-03-27 08:15:18.680390"]]
  [1m[36mTRANSACTION (10.7ms)[0m  [1m[36mcommit transaction[0m
  [1m[36mTRANSACTION (0.1ms)[0m  [1m[36mbegin transaction[0m
  [1m[36mHero Create (0.4ms)[0m  [1m[32mINSERT INTO "heros" ("name", "super_name", "created_at", "updated_at") VALUES (?, ?, ?, ?)[0m  [["name", "Victor Stone"], ["super_name", "Cyborg"], ["created_at", "2023-03-27 08:15:18.697631"], ["updated_at", "2023-03-27 08:15:18.697631"]]
  [1m[36mTRANSACTION (9.9ms)[0m  [1m[36mcommit transaction[0m
  [1m[36mTRANSACTION (0.1ms)[0m  [1m[36mbegin transaction[0m
  [1m[36mHero Create (0.4ms)[0m  [1m[32mINSERT INTO "heros" ("name", "super_name", "created_at", "updated_at") VALUES (?, ?, ?, ?)[0m  [["name", "Billy Batson"], ["super_name", "Shazam"], ["created_at", "2023-03-27 08:15:18.713868"], ["updated_at", "2023-03-27 08:15:18.713868"]]
  [1m[36mTRANSACTION (11.2ms)[0m  [1m[36mcommit transaction[0m
  [1m[36mTRANSACTION (0.1ms)[0m  [1m[36mbegin transaction[0m
  [1m[36mPower Create (0.4ms)[0m  [1m[32mINSERT INTO "powers" ("name", "description", "created_at", "updated_at") VALUES (?, ?, ?, ?)[0m  [["name", "Flight"], ["description", "Ability to fly"], ["created_at", "2023-03-27 08:15:18.747792"], ["updated_at", "2023-03-27 08:15:18.747792"]]
  [1m[36mTRANSACTION (9.2ms)[0m  [1m[36mcommit transaction[0m
  [1m[36mTRANSACTION (0.1ms)[0m  [1m[36mbegin transaction[0m
  [1m[36mPower Create (0.4ms)[0m  [1m[32mINSERT INTO "powers" ("name", "description", "created_at", "updated_at") VALUES (?, ?, ?, ?)[0m  [["name", "Super Strength"], ["description", "Enhanced physical strength"], ["created_at", "2023-03-27 08:15:18.763406"], ["updated_at", "2023-03-27 08:15:18.763406"]]
  [1m[36mTRANSACTION (15.1ms)[0m  [1m[36mcommit transaction[0m
  [1m[36mTRANSACTION (0.1ms)[0m  [1m[36mbegin transaction[0m
  [1m[36mPower Create (0.4ms)[0m  [1m[32mINSERT INTO "powers" ("name", "description", "created_at", "updated_at") VALUES (?, ?, ?, ?)[0m  [["name", "Teleportation"], ["description", "Ability to move instantly from one place to another"], ["created_at", "2023-03-27 08:15:18.784699"], ["updated_at", "2023-03-27 08:15:18.784699"]]
  [1m[36mTRANSACTION (10.5ms)[0m  [1m[36mcommit transaction[0m
  [1m[36mTRANSACTION (0.1ms)[0m  [1m[36mbegin transaction[0m
  [1m[36mPower Create (0.4ms)[0m  [1m[32mINSERT INTO "powers" ("name", "description", "created_at", "updated_at") VALUES (?, ?, ?, ?)[0m  [["name", "Invisibility"], ["description", "Ability to become invisible"], ["created_at", "2023-03-27 08:15:18.802046"], ["updated_at", "2023-03-27 08:15:18.802046"]]
  [1m[36mTRANSACTION (10.7ms)[0m  [1m[36mcommit transaction[0m
  [1m[36mTRANSACTION (0.1ms)[0m  [1m[36mbegin transaction[0m
  [1m[36mPower Create (0.4ms)[0m  [1m[32mINSERT INTO "powers" ("name", "description", "created_at", "updated_at") VALUES (?, ?, ?, ?)[0m  [["name", "Telekinesis"], ["description", "Ability to move objects with the mind"], ["created_at", "2023-03-27 08:15:18.819068"], ["updated_at", "2023-03-27 08:15:18.819068"]]
  [1m[36mTRANSACTION (9.5ms)[0m  [1m[36mcommit transaction[0m
  [1m[36mTRANSACTION (0.1ms)[0m  [1m[36mbegin transaction[0m
  [1m[36mPower Create (0.4ms)[0m  [1m[32mINSERT INTO "powers" ("name", "description", "created_at", "updated_at") VALUES (?, ?, ?, ?)[0m  [["name", "Regeneration"], ["description", "Ability to heal rapidly from injuries"], ["created_at", "2023-03-27 08:15:18.835196"], ["updated_at", "2023-03-27 08:15:18.835196"]]
  [1m[36mTRANSACTION (9.8ms)[0m  [1m[36mcommit transaction[0m
  [1m[36mTRANSACTION (0.1ms)[0m  [1m[36mbegin transaction[0m
  [1m[36mPower Create (0.4ms)[0m  [1m[32mINSERT INTO "powers" ("name", "description", "created_at", "updated_at") VALUES (?, ?, ?, ?)[0m  [["name", "Shape-shifting"], ["description", "Ability to change one's form and appearance"], ["created_at", "2023-03-27 08:15:18.851385"], ["updated_at", "2023-03-27 08:15:18.851385"]]
  [1m[36mTRANSACTION (9.3ms)[0m  [1m[36mcommit transaction[0m
  [1m[36mTRANSACTION (0.1ms)[0m  [1m[36mbegin transaction[0m
  [1m[36mPower Create (0.6ms)[0m  [1m[32mINSERT INTO "powers" ("name", "description", "created_at", "updated_at") VALUES (?, ?, ?, ?)[0m  [["name", "Energy projection"], ["description", "Ability to project energy blasts or beams"], ["created_at", "2023-03-27 08:15:18.867770"], ["updated_at", "2023-03-27 08:15:18.867770"]]
  [1m[36mTRANSACTION (10.3ms)[0m  [1m[36mcommit transaction[0m
  [1m[36mTRANSACTION (0.1ms)[0m  [1m[36mbegin transaction[0m
  [1m[36mPower Create (0.4ms)[0m  [1m[32mINSERT INTO "powers" ("name", "description", "created_at", "updated_at") VALUES (?, ?, ?, ?)[0m  [["name", "Elemental control"], ["description", "Ability to control the elements (e.g. fire, water, air, earth)"], ["created_at", "2023-03-27 08:15:18.885201"], ["updated_at", "2023-03-27 08:15:18.885201"]]
  [1m[36mTRANSACTION (9.6ms)[0m  [1m[36mcommit transaction[0m
  [1m[36mTRANSACTION (0.1ms)[0m  [1m[36mbegin transaction[0m
  [1m[36mPower Create (0.4ms)[0m  [1m[32mINSERT INTO "powers" ("name", "description", "created_at", "updated_at") VALUES (?, ?, ?, ?)[0m  [["name", "Intangibility"], ["description", "Ability to pass through solid objects"], ["created_at", "2023-03-27 08:15:18.901122"], ["updated_at", "2023-03-27 08:15:18.901122"]]
  [1m[36mTRANSACTION (10.3ms)[0m  [1m[36mcommit transaction[0m
  [1m[36mTRANSACTION (0.1ms)[0m  [1m[36mbegin transaction[0m
  [1m[36mHeroPower Create (0.5ms)[0m  [1m[32mINSERT INTO "hero_powers" ("strength", "power_id", "hero_id", "created_at", "updated_at") VALUES (?, ?, ?, ?, ?)[0m  [["strength", "Very Strong"], ["power_id", 1], ["hero_id", 1], ["created_at", "2023-03-27 08:15:18.942490"], ["updated_at", "2023-03-27 08:15:18.942490"]]
  [1m[36mTRANSACTION (11.0ms)[0m  [1m[36mcommit transaction[0m
  [1m[36mTRANSACTION (0.1ms)[0m  [1m[36mbegin transaction[0m
  [1m[36mHeroPower Create (0.5ms)[0m  [1m[32mINSERT INTO "hero_powers" ("strength", "power_id", "hero_id", "created_at", "updated_at") VALUES (?, ?, ?, ?, ?)[0m  [["strength", "Moderate"], ["power_id", 2], ["hero_id", 1], ["created_at", "2023-03-27 08:15:18.959832"], ["updated_at", "2023-03-27 08:15:18.959832"]]
  [1m[36mTRANSACTION (11.5ms)[0m  [1m[36mcommit transaction[0m
  [1m[36mTRANSACTION (0.1ms)[0m  [1m[36mbegin transaction[0m
  [1m[36mHeroPower Create (0.5ms)[0m  [1m[32mINSERT INTO "hero_powers" ("strength", "power_id", "hero_id", "created_at", "updated_at") VALUES (?, ?, ?, ?, ?)[0m  [["strength", "Very Weak"], ["power_id", 5], ["hero_id", 1], ["created_at", "2023-03-27 08:15:18.977784"], ["updated_at", "2023-03-27 08:15:18.977784"]]
  [1m[36mTRANSACTION (11.4ms)[0m  [1m[36mcommit transaction[0m
  [1m[36mTRANSACTION (0.1ms)[0m  [1m[36mbegin transaction[0m
  [1m[36mHeroPower Create (0.5ms)[0m  [1m[32mINSERT INTO "hero_powers" ("strength", "power_id", "hero_id", "created_at", "updated_at") VALUES (?, ?, ?, ?, ?)[0m  [["strength", "Moderate"], ["power_id", 1], ["hero_id", 2], ["created_at", "2023-03-27 08:15:18.995898"], ["updated_at", "2023-03-27 08:15:18.995898"]]
  [1m[36mTRANSACTION (11.1ms)[0m  [1m[36mcommit transaction[0m
  [1m[36mTRANSACTION (0.1ms)[0m  [1m[36mbegin transaction[0m
  [1m[36mHeroPower Create (0.6ms)[0m  [1m[32mINSERT INTO "hero_powers" ("strength", "power_id", "hero_id", "created_at", "updated_at") VALUES (?, ?, ?, ?, ?)[0m  [["strength", "Very Strong"], ["power_id", 2], ["hero_id", 2], ["created_at", "2023-03-27 08:15:19.014003"], ["updated_at", "2023-03-27 08:15:19.014003"]]
  [1m[36mTRANSACTION (10.5ms)[0m  [1m[36mcommit transaction[0m
  [1m[36mTRANSACTION (0.1ms)[0m  [1m[36mbegin transaction[0m
  [1m[36mHeroPower Create (0.5ms)[0m  [1m[32mINSERT INTO "hero_powers" ("strength", "power_id", "hero_id", "created_at", "updated_at") VALUES (?, ?, ?, ?, ?)[0m  [["strength", "Weak"], ["power_id", 8], ["hero_id", 2], ["created_at", "2023-03-27 08:15:19.033365"], ["updated_at", "2023-03-27 08:15:19.033365"]]
  [1m[36mTRANSACTION (11.1ms)[0m  [1m[36mcommit transaction[0m
  [1m[36mTRANSACTION (0.1ms)[0m  [1m[36mbegin transaction[0m
  [1m[36mHeroPower Create (0.6ms)[0m  [1m[32mINSERT INTO "hero_powers" ("strength", "power_id", "hero_id", "created_at", "updated_at") VALUES (?, ?, ?, ?, ?)[0m  [["strength", "Very Weak"], ["power_id", 3], ["hero_id", 3], ["created_at", "2023-03-27 08:15:19.050976"], ["updated_at", "2023-03-27 08:15:19.050976"]]
  [1m[36mTRANSACTION (10.9ms)[0m  [1m[36mcommit transaction[0m
  [1m[36mTRANSACTION (0.1ms)[0m  [1m[36mbegin transaction[0m
  [1m[36mHeroPower Create (0.5ms)[0m  [1m[32mINSERT INTO "hero_powers" ("strength", "power_id", "hero_id", "created_at", "updated_at") VALUES (?, ?, ?, ?, ?)[0m  [["strength", "Weak"], ["power_id", 6], ["hero_id", 3], ["created_at", "2023-03-27 08:15:19.068854"], ["updated_at", "2023-03-27 08:15:19.068854"]]
  [1m[36mTRANSACTION (12.3ms)[0m  [1m[36mcommit transaction[0m
  [1m[36mTRANSACTION (0.1ms)[0m  [1m[36mbegin transaction[0m
  [1m[36mHeroPower Create (0.5ms)[0m  [1m[32mINSERT INTO "hero_powers" ("strength", "power_id", "hero_id", "created_at", "updated_at") VALUES (?, ?, ?, ?, ?)[0m  [["strength", "Moderate"], ["power_id", 9], ["hero_id", 3], ["created_at", "2023-03-27 08:15:19.087853"], ["updated_at", "2023-03-27 08:15:19.087853"]]
  [1m[36mTRANSACTION (11.1ms)[0m  [1m[36mcommit transaction[0m
  [1m[36mTRANSACTION (0.1ms)[0m  [1m[36mbegin transaction[0m
  [1m[36mHeroPower Create (0.4ms)[0m  [1m[32mINSERT INTO "hero_powers" ("strength", "power_id", "hero_id", "created_at", "updated_at") VALUES (?, ?, ?, ?, ?)[0m  [["strength", "Very Strong"], ["power_id", 2], ["hero_id", 4], ["created_at", "2023-03-27 08:15:19.105682"], ["updated_at", "2023-03-27 08:15:19.105682"]]
  [1m[36mTRANSACTION (11.8ms)[0m  [1m[36mcommit transaction[0m
  [1m[36mTRANSACTION (0.1ms)[0m  [1m[36mbegin transaction[0m
  [1m[36mHeroPower Create (0.5ms)[0m  [1m[32mINSERT INTO "hero_powers" ("strength", "power_id", "hero_id", "created_at", "updated_at") VALUES (?, ?, ?, ?, ?)[0m  [["strength", "Moderate"], ["power_id", 4], ["hero_id", 4], ["created_at", "2023-03-27 08:15:19.123376"], ["updated_at", "2023-03-27 08:15:19.123376"]]
  [1m[36mTRANSACTION (11.4ms)[0m  [1m[36mcommit transaction[0m
  [1m[36mTRANSACTION (0.1ms)[0m  [1m[36mbegin transaction[0m
  [1m[36mHeroPower Create (0.4ms)[0m  [1m[32mINSERT INTO "hero_powers" ("strength", "power_id", "hero_id", "created_at", "updated_at") VALUES (?, ?, ?, ?, ?)[0m  [["strength", "Weak"], ["power_id", 7], ["hero_id", 4], ["created_at", "2023-03-27 08:15:19.140462"], ["updated_at", "2023-03-27 08:15:19.140462"]]
  [1m[36mTRANSACTION (11.5ms)[0m  [1m[36mcommit transaction[0m
  [1m[36mTRANSACTION (0.1ms)[0m  [1m[36mbegin transaction[0m
  [1m[36mHeroPower Create (0.6ms)[0m  [1m[32mINSERT INTO "hero_powers" ("strength", "power_id", "hero_id", "created_at", "updated_at") VALUES (?, ?, ?, ?, ?)[0m  [["strength", "Moderate"], ["power_id", 1], ["hero_id", 5], ["created_at", "2023-03-27 08:15:19.157094"], ["updated_at", "2023-03-27 08:15:19.157094"]]
  [1m[36mTRANSACTION (11.5ms)[0m  [1m[36mcommit transaction[0m
  [1m[36mTRANSACTION (0.1ms)[0m  [1m[36mbegin transaction[0m
  [1m[36mHeroPower Create (0.6ms)[0m  [1m[32mINSERT INTO "hero_powers" ("strength", "power_id", "hero_id", "created_at", "updated_at") VALUES (?, ?, ?, ?, ?)[0m  [["strength", "Very Strong"], ["power_id", 8], ["hero_id", 5], ["created_at", "2023-03-27 08:15:19.175611"], ["updated_at", "2023-03-27 08:15:19.175611"]]
  [1m[36mTRANSACTION (11.5ms)[0m  [1m[36mcommit transaction[0m
  [1m[36mTRANSACTION (0.1ms)[0m  [1m[36mbegin transaction[0m
  [1m[36mHeroPower Create (0.6ms)[0m  [1m[32mINSERT INTO "hero_powers" ("strength", "power_id", "hero_id", "created_at", "updated_at") VALUES (?, ?, ?, ?, ?)[0m  [["strength", "Moderate"], ["power_id", 10], ["hero_id", 5], ["created_at", "2023-03-27 08:15:19.194102"], ["updated_at", "2023-03-27 08:15:19.194102"]]
  [1m[36mTRANSACTION (10.8ms)[0m  [1m[36mcommit transaction[0m
  [1m[36mTRANSACTION (0.1ms)[0m  [1m[36mbegin transaction[0m
  [1m[36mHeroPower Create (0.7ms)[0m  [1m[32mINSERT INTO "hero_powers" ("strength", "power_id", "hero_id", "created_at", "updated_at") VALUES (?, ?, ?, ?, ?)[0m  [["strength", "Weak"], ["power_id", 2], ["hero_id", 6], ["created_at", "2023-03-27 08:15:19.211832"], ["updated_at", "2023-03-27 08:15:19.211832"]]
  [1m[36mTRANSACTION (11.7ms)[0m  [1m[36mcommit transaction[0m
  [1m[36mTRANSACTION (0.1ms)[0m  [1m[36mbegin transaction[0m
  [1m[36mHeroPower Create (0.6ms)[0m  [1m[32mINSERT INTO "hero_powers" ("strength", "power_id", "hero_id", "created_at", "updated_at") VALUES (?, ?, ?, ?, ?)[0m  [["strength", "Very Strong"], ["power_id", 3], ["hero_id", 6], ["created_at", "2023-03-27 08:15:19.230288"], ["updated_at", "2023-03-27 08:15:19.230288"]]
  [1m[36mTRANSACTION (10.8ms)[0m  [1m[36mcommit transaction[0m
  [1m[36mTRANSACTION (0.1ms)[0m  [1m[36mbegin transaction[0m
  [1m[36mHeroPower Create (0.5ms)[0m  [1m[32mINSERT INTO "hero_powers" ("strength", "power_id", "hero_id", "created_at", "updated_at") VALUES (?, ?, ?, ?, ?)[0m  [["strength", "Weak"], ["power_id", 9], ["hero_id", 6], ["created_at", "2023-03-27 08:15:19.248710"], ["updated_at", "2023-03-27 08:15:19.248710"]]
  [1m[36mTRANSACTION (11.5ms)[0m  [1m[36mcommit transaction[0m
  [1m[36mTRANSACTION (0.1ms)[0m  [1m[36mbegin transaction[0m
  [1m[36mHeroPower Create (0.5ms)[0m  [1m[32mINSERT INTO "hero_powers" ("strength", "power_id", "hero_id", "created_at", "updated_at") VALUES (?, ?, ?, ?, ?)[0m  [["strength", "Very Strong"], ["power_id", 2], ["hero_id", 7], ["created_at", "2023-03-27 08:15:19.267327"], ["updated_at", "2023-03-27 08:15:19.267327"]]
  [1m[36mTRANSACTION (15.0ms)[0m  [1m[36mcommit transaction[0m
  [1m[36mTRANSACTION (0.1ms)[0m  [1m[36mbegin transaction[0m
  [1m[36mHeroPower Create (0.5ms)[0m  [1m[32mINSERT INTO "hero_powers" ("strength", "power_id", "hero_id", "created_at", "updated_at") VALUES (?, ?, ?, ?, ?)[0m  [["strength", "Moderate"], ["power_id", 5], ["hero_id", 7], ["created_at", "2023-03-27 08:15:19.288647"], ["updated_at", "2023-03-27 08:15:19.288647"]]
  [1m[36mTRANSACTION (12.9ms)[0m  [1m[36mcommit transaction[0m
  [1m[36mTRANSACTION (0.1ms)[0m  [1m[36mbegin transaction[0m
  [1m[36mHeroPower Create (0.5ms)[0m  [1m[32mINSERT INTO "hero_powers" ("strength", "power_id", "hero_id", "created_at", "updated_at") VALUES (?, ?, ?, ?, ?)[0m  [["strength", "Weak"], ["power_id", 10], ["hero_id", 7], ["created_at", "2023-03-27 08:15:19.312469"], ["updated_at", "2023-03-27 08:15:19.312469"]]
  [1m[36mTRANSACTION (11.0ms)[0m  [1m[36mcommit transaction[0m
  [1m[36mTRANSACTION (0.1ms)[0m  [1m[36mbegin transaction[0m
  [1m[36mHeroPower Create (0.5ms)[0m  [1m[32mINSERT INTO "hero_powers" ("strength", "power_id", "hero_id", "created_at", "updated_at") VALUES (?, ?, ?, ?, ?)[0m  [["strength", "Moderate"], ["power_id", 1], ["hero_id", 8], ["created_at", "2023-03-27 08:15:19.337732"], ["updated_at", "2023-03-27 08:15:19.337732"]]
  [1m[36mTRANSACTION (11.4ms)[0m  [1m[36mcommit transaction[0m
  [1m[36mTRANSACTION (0.1ms)[0m  [1m[36mbegin transaction[0m
  [1m[36mHeroPower Create (0.4ms)[0m  [1m[32mINSERT INTO "hero_powers" ("strength", "power_id", "hero_id", "created_at", "updated_at") VALUES (?, ?, ?, ?, ?)[0m  [["strength", "Very Strong"], ["power_id", 7], ["hero_id", 8], ["created_at", "2023-03-27 08:15:19.364826"], ["updated_at", "2023-03-27 08:15:19.364826"]]
  [1m[36mTRANSACTION (10.9ms)[0m  [1m[36mcommit transaction[0m
  [1m[36mTRANSACTION (0.1ms)[0m  [1m[36mbegin transaction[0m
  [1m[36mHeroPower Create (0.4ms)[0m  [1m[32mINSERT INTO "hero_powers" ("strength", "power_id", "hero_id", "created_at", "updated_at") VALUES (?, ?, ?, ?, ?)[0m  [["strength", "Moderate"], ["power_id", 8], ["hero_id", 8], ["created_at", "2023-03-27 08:15:19.386182"], ["updated_at", "2023-03-27 08:15:19.386182"]]
  [1m[36mTRANSACTION (11.6ms)[0m  [1m[36mcommit transaction[0m
  [1m[36mTRANSACTION (0.1ms)[0m  [1m[36mbegin transaction[0m
  [1m[36mHeroPower Create (0.4ms)[0m  [1m[32mINSERT INTO "hero_powers" ("strength", "power_id", "hero_id", "created_at", "updated_at") VALUES (?, ?, ?, ?, ?)[0m  [["strength", "Weak"], ["power_id", 4], ["hero_id", 9], ["created_at", "2023-03-27 08:15:19.406666"], ["updated_at", "2023-03-27 08:15:19.406666"]]
  [1m[36mTRANSACTION (11.0ms)[0m  [1m[36mcommit transaction[0m
  [1m[36mTRANSACTION (0.1ms)[0m  [1m[36mbegin transaction[0m
  [1m[36mHeroPower Create (0.5ms)[0m  [1m[32mINSERT INTO "hero_powers" ("strength", "power_id", "hero_id", "created_at", "updated_at") VALUES (?, ?, ?, ?, ?)[0m  [["strength", "Very Strong"], ["power_id", 6], ["hero_id", 9], ["created_at", "2023-03-27 08:15:19.424996"], ["updated_at", "2023-03-27 08:15:19.424996"]]
  [1m[36mTRANSACTION (11.0ms)[0m  [1m[36mcommit transaction[0m
  [1m[36mTRANSACTION (0.1ms)[0m  [1m[36mbegin transaction[0m
  [1m[36mHeroPower Create (0.5ms)[0m  [1m[32mINSERT INTO "hero_powers" ("strength", "power_id", "hero_id", "created_at", "updated_at") VALUES (?, ?, ?, ?, ?)[0m  [["strength", "Moderate"], ["power_id", 9], ["hero_id", 9], ["created_at", "2023-03-27 08:15:19.446980"], ["updated_at", "2023-03-27 08:15:19.446980"]]
  [1m[36mTRANSACTION (10.8ms)[0m  [1m[36mcommit transaction[0m
  [1m[36mTRANSACTION (0.1ms)[0m  [1m[36mbegin transaction[0m
  [1m[36mHeroPower Create (0.5ms)[0m  [1m[32mINSERT INTO "hero_powers" ("strength", "power_id", "hero_id", "created_at", "updated_at") VALUES (?, ?, ?, ?, ?)[0m  [["strength", "Moderate"], ["power_id", 1], ["hero_id", 10], ["created_at", "2023-03-27 08:15:19.466668"], ["updated_at", "2023-03-27 08:15:19.466668"]]
  [1m[36mTRANSACTION (11.3ms)[0m  [1m[36mcommit transaction[0m
  [1m[36mTRANSACTION (0.1ms)[0m  [1m[36mbegin transaction[0m
  [1m[36mHeroPower Create (0.5ms)[0m  [1m[32mINSERT INTO "hero_powers" ("strength", "power_id", "hero_id", "created_at", "updated_at") VALUES (?, ?, ?, ?, ?)[0m  [["strength", "Very Strong"], ["power_id", 4], ["hero_id", 10], ["created_at", "2023-03-27 08:15:19.487684"], ["updated_at", "2023-03-27 08:15:19.487684"]]
  [1m[36mTRANSACTION (10.9ms)[0m  [1m[36mcommit transaction[0m
  [1m[36mTRANSACTION (0.1ms)[0m  [1m[36mbegin transaction[0m
  [1m[36mHeroPower Create (0.8ms)[0m  [1m[32mINSERT INTO "hero_powers" ("strength", "power_id", "hero_id", "created_at", "updated_at") VALUES (?, ?, ?, ?, ?)[0m  [["strength", "Weak"], ["power_id", 5], ["hero_id", 10], ["created_at", "2023-03-27 08:15:19.509372"], ["updated_at", "2023-03-27 08:15:19.509372"]]
  [1m[36mTRANSACTION (11.2ms)[0m  [1m[36mcommit transaction[0m
  [1m[36mTRANSACTION (0.2ms)[0m  [1m[36mbegin transaction[0m
  [1m[36mHeroPower Create (1.0ms)[0m  [1m[32mINSERT INTO "hero_powers" ("strength", "power_id", "hero_id", "created_at", "updated_at") VALUES (?, ?, ?, ?, ?)[0m  [["strength", "Moderate"], ["power_id", 8], ["hero_id", 10], ["created_at", "2023-03-27 08:15:19.531100"], ["updated_at", "2023-03-27 08:15:19.531100"]]
  [1m[36mTRANSACTION (11.1ms)[0m  [1m[36mcommit transaction[0m
  [1m[36mTRANSACTION (0.1ms)[0m  [1m[36mbegin transaction[0m
  [1m[36mHeroPower Create (1.2ms)[0m  [1m[32mINSERT INTO "hero_powers" ("strength", "power_id", "hero_id", "created_at", "updated_at") VALUES (?, ?, ?, ?, ?)[0m  [["strength", "Weak"], ["power_id", 9], ["hero_id", 10], ["created_at", "2023-03-27 08:15:19.551896"], ["updated_at", "2023-03-27 08:15:19.551896"]]
  [1m[36mTRANSACTION (12.4ms)[0m  [1m[36mcommit transaction[0m
  [1m[36mTRANSACTION (0.1ms)[0m  [1m[36mbegin transaction[0m
  [1m[36mHeroPower Create (0.6ms)[0m  [1m[32mINSERT INTO "hero_powers" ("strength", "power_id", "hero_id", "created_at", "updated_at") VALUES (?, ?, ?, ?, ?)[0m  [["strength", "Very Strong"], ["power_id", 10], ["hero_id", 10], ["created_at", "2023-03-27 08:15:19.572715"], ["updated_at", "2023-03-27 08:15:19.572715"]]
  [1m[36mTRANSACTION (10.6ms)[0m  [1m[36mcommit transaction[0m
Started GET "/heroes" for 127.0.0.1 at 2023-03-27 17:50:46 +0300
  [1m[36mActiveRecord::SchemaMigration Pluck (0.3ms)[0m  [1m[34mSELECT "schema_migrations"."version" FROM "schema_migrations" ORDER BY "schema_migrations"."version" ASC[0m
  
ActionController::RoutingError (No route matches [GET] "/heroes"):
  
Started GET "/heros" for 127.0.0.1 at 2023-03-27 17:51:02 +0300
Processing by HerosController#index as */*
Completed 500 Internal Server Error in 48ms (ActiveRecord: 0.0ms | Allocations: 25712)


  
NameError (uninitialized constant HerosController::HeroSerializer):
  
app/controllers/heros_controller.rb:5:in `index'
Started GET "/heroes" for 127.0.0.1 at 2023-03-27 17:52:58 +0300
  
ActionController::RoutingError (No route matches [GET] "/heroes"):
  
Started GET "/heros" for 127.0.0.1 at 2023-03-27 17:53:08 +0300
Processing by HerosController#index as */*
Completed 500 Internal Server Error in 20ms (ActiveRecord: 0.0ms | Allocations: 1686)


  
NameError (uninitialized constant HerosController::HeroSerializer):
  
app/controllers/heros_controller.rb:5:in `index'
Started GET "/heros" for 127.0.0.1 at 2023-03-27 17:54:54 +0300
Processing by HerosController#index as */*
  [1m[36mHero Load (0.2ms)[0m  [1m[34mSELECT "heros".* FROM "heros"[0m
  ↳ app/controllers/heros_controller.rb:5:in `index'
Completed 200 OK in 48ms (Views: 35.8ms | ActiveRecord: 2.8ms | Allocations: 19619)


Started GET "/heros/1" for 127.0.0.1 at 2023-03-27 17:57:57 +0300
Processing by HerosController#show as */*
  Parameters: {"id"=>"1"}
  [1m[36mHero Load (0.3ms)[0m  [1m[34mSELECT "heros".* FROM "heros" WHERE "heros"."id" = ? LIMIT ?[0m  [["id", 1], ["LIMIT", 1]]
  ↳ app/controllers/heros_controller.rb:10:in `show'
Completed 200 OK in 14ms (Views: 0.8ms | ActiveRecord: 0.3ms | Allocations: 1385)


Started GET "/heros/1" for 127.0.0.1 at 2023-03-27 17:58:56 +0300
Processing by HerosController#show as */*
  Parameters: {"id"=>"1"}
  [1m[36mHero Load (0.3ms)[0m  [1m[34mSELECT "heros".* FROM "heros" WHERE "heros"."id" = ? LIMIT ?[0m  [["id", 1], ["LIMIT", 1]]
  ↳ app/controllers/heros_controller.rb:10:in `show'
Completed 500 Internal Server Error in 107ms (ActiveRecord: 3.0ms | Allocations: 42391)


  
SystemStackError (stack level too deep):
  
app/controllers/heros_controller.rb:12:in `show'
Started GET "/heros/1" for 127.0.0.1 at 2023-03-27 18:00:17 +0300
Started GET "/heros" for 127.0.0.1 at 2023-03-27 18:10:36 +0300
  [1m[36mActiveRecord::SchemaMigration Pluck (0.2ms)[0m  [1m[34mSELECT "schema_migrations"."version" FROM "schema_migrations" ORDER BY "schema_migrations"."version" ASC[0m
Processing by HerosController#index as */*
  [1m[36mHero Load (0.3ms)[0m  [1m[34mSELECT "heros".* FROM "heros"[0m
  ↳ app/controllers/heros_controller.rb:5:in `index'
Completed 200 OK in 121ms (Views: 56.7ms | ActiveRecord: 1.2ms | Allocations: 40961)


Started GET "/heros/1" for 127.0.0.1 at 2023-03-27 18:10:56 +0300
Processing by HerosController#show as */*
  Parameters: {"id"=>"1"}
  [1m[36mHero Load (0.4ms)[0m  [1m[34mSELECT "heros".* FROM "heros" WHERE "heros"."id" = ? LIMIT ?[0m  [["id", 1], ["LIMIT", 1]]
  ↳ app/controllers/heros_controller.rb:10:in `show'
Completed 500 Internal Server Error in 134ms (ActiveRecord: 0.7ms | Allocations: 38988)


  
SystemStackError (stack level too deep):
  
app/controllers/heros_controller.rb:12:in `show'
Started GET "/heros/1" for 127.0.0.1 at 2023-03-27 18:11:26 +0300
Started GET "/heros" for ::1 at 2023-03-27 18:14:27 +0300
  [1m[36mActiveRecord::SchemaMigration Pluck (0.3ms)[0m  [1m[34mSELECT "schema_migrations"."version" FROM "schema_migrations" ORDER BY "schema_migrations"."version" ASC[0m
Processing by HerosController#index as */*
  [1m[36mHero Load (0.4ms)[0m  [1m[34mSELECT "heros".* FROM "heros"[0m
  ↳ app/controllers/heros_controller.rb:5:in `index'
Completed 200 OK in 149ms (Views: 65.1ms | ActiveRecord: 2.5ms | Allocations: 40961)


Started GET "/heros/1" for ::1 at 2023-03-27 18:15:14 +0300
Processing by HerosController#show as */*
  Parameters: {"id"=>"1"}
  [1m[36mHero Load (0.7ms)[0m  [1m[34mSELECT "heros".* FROM "heros" WHERE "heros"."id" = ? LIMIT ?[0m  [["id", 1], ["LIMIT", 1]]
  ↳ app/controllers/heros_controller.rb:10:in `show'
Completed 200 OK in 21ms (Views: 4.0ms | ActiveRecord: 0.7ms | Allocations: 1348)


Started GET "/heros/1" for ::1 at 2023-03-27 18:17:26 +0300
Processing by HerosController#show as */*
  Parameters: {"id"=>"1"}
  [1m[36mHero Load (0.2ms)[0m  [1m[34mSELECT "heros".* FROM "heros" WHERE "heros"."id" = ? LIMIT ?[0m  [["id", 1], ["LIMIT", 1]]
  ↳ app/controllers/heros_controller.rb:10:in `show'
Completed 500 Internal Server Error in 157ms (ActiveRecord: 2.8ms | Allocations: 42379)


  
SystemStackError (stack level too deep):
  
app/controllers/heros_controller.rb:12:in `show'
Started GET "/heros/1" for ::1 at 2023-03-27 18:17:52 +0300
Started GET "/heros/1" for ::1 at 2023-03-27 18:18:49 +0300
  [1m[36mActiveRecord::SchemaMigration Pluck (0.2ms)[0m  [1m[34mSELECT "schema_migrations"."version" FROM "schema_migrations" ORDER BY "schema_migrations"."version" ASC[0m
Processing by HerosController#show as */*
  Parameters: {"id"=>"1"}
  [1m[36mHero Load (0.4ms)[0m  [1m[34mSELECT "heros".* FROM "heros" WHERE "heros"."id" = ? LIMIT ?[0m  [["id", 1], ["LIMIT", 1]]
  ↳ app/controllers/heros_controller.rb:10:in `show'
Completed 200 OK in 121ms (Views: 0.4ms | ActiveRecord: 2.3ms | Allocations: 40571)


Started GET "/heros/6" for ::1 at 2023-03-27 18:18:55 +0300
Processing by HerosController#show as */*
  Parameters: {"id"=>"6"}
  [1m[36mHero Load (0.2ms)[0m  [1m[34mSELECT "heros".* FROM "heros" WHERE "heros"."id" = ? LIMIT ?[0m  [["id", 6], ["LIMIT", 1]]
  ↳ app/controllers/heros_controller.rb:10:in `show'
Completed 200 OK in 6ms (Views: 0.5ms | ActiveRecord: 0.2ms | Allocations: 557)


Started GET "/powers/6" for ::1 at 2023-03-27 18:19:30 +0300
Processing by PowersController#show as */*
  Parameters: {"id"=>"6"}
  [1m[36mPower Load (1.6ms)[0m  [1m[34mSELECT "powers".* FROM "powers" WHERE "powers"."id" = ? LIMIT ?[0m  [["id", 6], ["LIMIT", 1]]
  ↳ app/controllers/powers_controller.rb:8:in `show'
Completed 201 Created in 94ms (Views: 2.3ms | ActiveRecord: 4.9ms | Allocations: 16593)


Started GET "/powers" for ::1 at 2023-03-27 18:19:41 +0300
Processing by PowersController#index as */*
  [1m[36mPower Load (0.5ms)[0m  [1m[34mSELECT "powers".* FROM "powers"[0m
  ↳ app/controllers/powers_controller.rb:4:in `index'
Completed 200 OK in 18ms (Views: 15.9ms | ActiveRecord: 0.5ms | Allocations: 1736)


Started GET "/powers/1" for ::1 at 2023-03-27 18:21:26 +0300
Processing by PowersController#show as */*
  Parameters: {"id"=>"1"}
  [1m[36mPower Load (0.2ms)[0m  [1m[34mSELECT "powers".* FROM "powers" WHERE "powers"."id" = ? LIMIT ?[0m  [["id", 1], ["LIMIT", 1]]
  ↳ app/controllers/powers_controller.rb:8:in `show'
Completed 201 Created in 4ms (Views: 0.6ms | ActiveRecord: 0.2ms | Allocations: 612)


